SF:lib/src/exceptions.dart
DA:6,1
DA:14,0
DA:15,0
DA:21,1
DA:22,1
DA:28,0
DA:34,0
DA:40,0
DA:46,0
DA:52,0
DA:58,1
LF:11
LH:4
end_of_record
SF:lib/src/ht_http_client.dart
DA:30,1
DA:35,0
DA:37,3
DA:47,4
DA:48,1
DA:49,1
DA:51,0
DA:72,0
DA:79,0
DA:86,0
DA:87,0
DA:90,0
DA:91,0
DA:109,0
DA:117,0
DA:124,0
DA:125,0
DA:126,0
DA:141,0
DA:149,0
DA:156,0
DA:157,0
DA:158,0
DA:173,0
DA:181,0
DA:188,0
DA:189,0
DA:190,0
LF:28
LH:5
end_of_record
SF:lib/src/interceptors/auth_interceptor.dart
DA:16,1
DA:27,1
DA:32,2
DA:34,0
DA:35,0
DA:39,0
LF:6
LH:3
end_of_record
SF:lib/src/interceptors/error_interceptor.dart
DA:9,1
DA:13,1
DA:14,1
DA:15,1
DA:16,1
DA:17,1
DA:19,1
DA:20,1
DA:22,2
DA:23,2
DA:26,1
DA:27,1
DA:32,1
DA:33,1
DA:39,0
DA:40,0
DA:41,0
DA:42,0
DA:43,0
DA:44,0
DA:45,0
DA:46,0
DA:47,0
DA:48,0
DA:50,0
DA:51,0
DA:56,1
DA:58,1
DA:60,1
DA:61,1
DA:65,1
DA:67,2
DA:68,1
DA:71,1
DA:72,1
DA:80,1
DA:81,1
DA:82,1
DA:83,1
DA:84,1
DA:92,1
DA:95,0
DA:97,0
DA:98,0
DA:99,0
DA:101,0
DA:102,0
DA:103,0
DA:105,0
DA:106,0
DA:107,0
DA:109,0
LF:52
LH:29
end_of_record
